<?xml version="1.0" encoding="UTF-8"?>
<testsuite xmlns:xsi="http://www.w3.org/2001/XMLSchema-instance" xsi:noNamespaceSchemaLocation="https://maven.apache.org/surefire/maven-surefire-plugin/xsd/surefire-test-report-3.0.xsd" version="3.0" name="TestSuite" time="606.045" tests="12" errors="0" skipped="11" failures="1">
  <properties>
[...]
</properties>
  <testcase name="setup[chrome](0)" classname="com.BankingV1.testCases.TC_LoginTest" time="604.721">
    <failure message="session not created&#10;from timeout: Timed out receiving message from renderer: 600.000&#10;  (Session info: chrome=88.0.4324.146)&#10;Build info: version: &apos;3.141.59&apos;, revision: &apos;e82be7d358&apos;, time: &apos;2018-11-14T08:17:03&apos;&#10;System info: host: &apos;MSI&apos;, ip: &apos;192.168.43.184&apos;, os.name: &apos;Windows 10&apos;, os.arch: &apos;amd64&apos;, os.version: &apos;10.0&apos;, java.version: &apos;11.0.10&apos;&#10;Driver info: driver.version: ChromeDriver&#10;remote stacktrace: Backtrace:&#10;	Ordinal0 [0x0074C0C3+3326147]&#10;	Ordinal0 [0x00630851+2164817]&#10;	Ordinal0 [0x004B7298+619160]&#10;	Ordinal0 [0x004AB17F+569727]&#10;	Ordinal0 [0x004AA421+566305]&#10;	Ordinal0 [0x004AA815+567317]&#10;	Ordinal0 [0x004AA135+565557]&#10;	Ordinal0 [0x004B38B1+604337]&#10;	Ordinal0 [0x004AA0F1+565489]&#10;	Ordinal0 [0x004AAEA2+568994]&#10;	Ordinal0 [0x004AA421+566305]&#10;	Ordinal0 [0x004AA815+567317]&#10;	Ordinal0 [0x004AA135+565557]&#10;	Ordinal0 [0x004B1D2C+597292]&#10;	Ordinal0 [0x004AA0F1+565489]&#10;	Ordinal0 [0x004AAEA2+568994]&#10;	Ordinal0 [0x004AA421+566305]&#10;	Ordinal0 [0x004AA815+567317]&#10;	Ordinal0 [0x004AA135+565557]&#10;	Ordinal0 [0x004AFE62+589410]&#10;	Ordinal0 [0x004AA0F1+565489]&#10;	Ordinal0 [0x004AAEA2+568994]&#10;	Ordinal0 [0x004AA421+566305]&#10;	Ordinal0 [0x004AA815+567317]&#10;	Ordinal0 [0x004AA135+565557]&#10;	Ordinal0 [0x004AF075+585845]&#10;	Ordinal0 [0x004AA0F1+565489]&#10;	Ordinal0 [0x004AAEA2+568994]&#10;	Ordinal0 [0x004AA421+566305]&#10;	Ordinal0 [0x004AA815+567317]&#10;	Ordinal0 [0x004AA135+565557]&#10;	Ordinal0 [0x004A6776+550774]&#10;	Ordinal0 [0x004AA0F1+565489]&#10;	Ordinal0 [0x004A9F13+565011]&#10;	Ordinal0 [0x004A9D07+564487]&#10;	Ordinal0 [0x004B82C0+623296]&#10;	Ordinal0 [0x00456BDD+224221]&#10;	Ordinal0 [0x00455CAC+220332]&#10;	Ordinal0 [0x0045189B+202907]&#10;	Ordinal0 [0x00433DF4+81396]&#10;	Ordinal0 [0x00434DEE+85486]&#10;	Ordinal0 [0x00434D79+85369]&#10;	Ordinal0 [0x006485DC+2262492]&#10;	GetHandleVerifier [0x008D2874+1487204]&#10;	GetHandleVerifier [0x008D23CD+1486013]&#10;	GetHandleVerifier [0x008DA368+1518680]&#10;	GetHandleVerifier [0x008D2F4E+1488958]&#10;	Ordinal0 [0x0063ED0D+2223373]&#10;	Ordinal0 [0x0064A12B+2269483]&#10;	Ordinal0 [0x0064A26F+2269807]&#10;	Ordinal0 [0x0065ECB8+2354360]&#10;	BaseThreadInitThunk [0x77036359+25]&#10;	RtlGetAppContainerNamedObjectPath [0x77B78944+228]&#10;	RtlGetAppContainerNamedObjectPath [0x77B78914+180]&#10;" type="org.openqa.selenium.SessionNotCreatedException"><![CDATA[org.openqa.selenium.SessionNotCreatedException: 
session not created
from timeout: Timed out receiving message from renderer: 600.000
  (Session info: chrome=88.0.4324.146)
Build info: version: '3.141.59', revision: 'e82be7d358', time: '2018-11-14T08:17:03'
System info: host: 'MSI', ip: '192.168.43.184', os.name: 'Windows 10', os.arch: 'amd64', os.version: '10.0', java.version: '11.0.10'
Driver info: driver.version: ChromeDriver
remote stacktrace: Backtrace:
	Ordinal0 [0x0074C0C3+3326147]
	Ordinal0 [0x00630851+2164817]
	Ordinal0 [0x004B7298+619160]
	Ordinal0 [0x004AB17F+569727]
	Ordinal0 [0x004AA421+566305]
	Ordinal0 [0x004AA815+567317]
	Ordinal0 [0x004AA135+565557]
	Ordinal0 [0x004B38B1+604337]
	Ordinal0 [0x004AA0F1+565489]
	Ordinal0 [0x004AAEA2+568994]
	Ordinal0 [0x004AA421+566305]
	Ordinal0 [0x004AA815+567317]
	Ordinal0 [0x004AA135+565557]
	Ordinal0 [0x004B1D2C+597292]
	Ordinal0 [0x004AA0F1+565489]
	Ordinal0 [0x004AAEA2+568994]
	Ordinal0 [0x004AA421+566305]
	Ordinal0 [0x004AA815+567317]
	Ordinal0 [0x004AA135+565557]
	Ordinal0 [0x004AFE62+589410]
	Ordinal0 [0x004AA0F1+565489]
	Ordinal0 [0x004AAEA2+568994]
	Ordinal0 [0x004AA421+566305]
	Ordinal0 [0x004AA815+567317]
	Ordinal0 [0x004AA135+565557]
	Ordinal0 [0x004AF075+585845]
	Ordinal0 [0x004AA0F1+565489]
	Ordinal0 [0x004AAEA2+568994]
	Ordinal0 [0x004AA421+566305]
	Ordinal0 [0x004AA815+567317]
	Ordinal0 [0x004AA135+565557]
	Ordinal0 [0x004A6776+550774]
	Ordinal0 [0x004AA0F1+565489]
	Ordinal0 [0x004A9F13+565011]
	Ordinal0 [0x004A9D07+564487]
	Ordinal0 [0x004B82C0+623296]
	Ordinal0 [0x00456BDD+224221]
	Ordinal0 [0x00455CAC+220332]
	Ordinal0 [0x0045189B+202907]
	Ordinal0 [0x00433DF4+81396]
	Ordinal0 [0x00434DEE+85486]
	Ordinal0 [0x00434D79+85369]
	Ordinal0 [0x006485DC+2262492]
	GetHandleVerifier [0x008D2874+1487204]
	GetHandleVerifier [0x008D23CD+1486013]
	GetHandleVerifier [0x008DA368+1518680]
	GetHandleVerifier [0x008D2F4E+1488958]
	Ordinal0 [0x0063ED0D+2223373]
	Ordinal0 [0x0064A12B+2269483]
	Ordinal0 [0x0064A26F+2269807]
	Ordinal0 [0x0065ECB8+2354360]
	BaseThreadInitThunk [0x77036359+25]
	RtlGetAppContainerNamedObjectPath [0x77B78944+228]
	RtlGetAppContainerNamedObjectPath [0x77B78914+180]

]]></failure>
    <system-err><![CDATA[Starting ChromeDriver 87.0.4280.88 (89e2380a3e36c3464b5dd1302349b1382549290d-refs/branch-heads/4280@{#1761}) on port 40393
Only local connections are allowed.
Please see https://chromedriver.chromium.org/security-considerations for suggestions on keeping ChromeDriver safe.
ChromeDriver was started successfully.
[1612610051.485][WARNING]: This version of ChromeDriver has not been tested with Chrome version 88.
[1612610653.510][SEVERE]: Timed out receiving message from renderer: 600.000
]]></system-err>
  </testcase>
  <testcase name="loginTest" classname="com.BankingV1.testCases.TC_LoginTest" time="0">
    <skipped message="session not created&#10;from timeout: Timed out receiving message from renderer: 600.000&#10;  (Session info: chrome=88.0.4324.146)&#10;Build info: version: &apos;3.141.59&apos;, revision: &apos;e82be7d358&apos;, time: &apos;2018-11-14T08:17:03&apos;&#10;System info: host: &apos;MSI&apos;, ip: &apos;192.168.43.184&apos;, os.name: &apos;Windows 10&apos;, os.arch: &apos;amd64&apos;, os.version: &apos;10.0&apos;, java.version: &apos;11.0.10&apos;&#10;Driver info: driver.version: ChromeDriver&#10;remote stacktrace: Backtrace:&#10;	Ordinal0 [0x0074C0C3+3326147]&#10;	Ordinal0 [0x00630851+2164817]&#10;	Ordinal0 [0x004B7298+619160]&#10;	Ordinal0 [0x004AB17F+569727]&#10;	Ordinal0 [0x004AA421+566305]&#10;	Ordinal0 [0x004AA815+567317]&#10;	Ordinal0 [0x004AA135+565557]&#10;	Ordinal0 [0x004B38B1+604337]&#10;	Ordinal0 [0x004AA0F1+565489]&#10;	Ordinal0 [0x004AAEA2+568994]&#10;	Ordinal0 [0x004AA421+566305]&#10;	Ordinal0 [0x004AA815+567317]&#10;	Ordinal0 [0x004AA135+565557]&#10;	Ordinal0 [0x004B1D2C+597292]&#10;	Ordinal0 [0x004AA0F1+565489]&#10;	Ordinal0 [0x004AAEA2+568994]&#10;	Ordinal0 [0x004AA421+566305]&#10;	Ordinal0 [0x004AA815+567317]&#10;	Ordinal0 [0x004AA135+565557]&#10;	Ordinal0 [0x004AFE62+589410]&#10;	Ordinal0 [0x004AA0F1+565489]&#10;	Ordinal0 [0x004AAEA2+568994]&#10;	Ordinal0 [0x004AA421+566305]&#10;	Ordinal0 [0x004AA815+567317]&#10;	Ordinal0 [0x004AA135+565557]&#10;	Ordinal0 [0x004AF075+585845]&#10;	Ordinal0 [0x004AA0F1+565489]&#10;	Ordinal0 [0x004AAEA2+568994]&#10;	Ordinal0 [0x004AA421+566305]&#10;	Ordinal0 [0x004AA815+567317]&#10;	Ordinal0 [0x004AA135+565557]&#10;	Ordinal0 [0x004A6776+550774]&#10;	Ordinal0 [0x004AA0F1+565489]&#10;	Ordinal0 [0x004A9F13+565011]&#10;	Ordinal0 [0x004A9D07+564487]&#10;	Ordinal0 [0x004B82C0+623296]&#10;	Ordinal0 [0x00456BDD+224221]&#10;	Ordinal0 [0x00455CAC+220332]&#10;	Ordinal0 [0x0045189B+202907]&#10;	Ordinal0 [0x00433DF4+81396]&#10;	Ordinal0 [0x00434DEE+85486]&#10;	Ordinal0 [0x00434D79+85369]&#10;	Ordinal0 [0x006485DC+2262492]&#10;	GetHandleVerifier [0x008D2874+1487204]&#10;	GetHandleVerifier [0x008D23CD+1486013]&#10;	GetHandleVerifier [0x008DA368+1518680]&#10;	GetHandleVerifier [0x008D2F4E+1488958]&#10;	Ordinal0 [0x0063ED0D+2223373]&#10;	Ordinal0 [0x0064A12B+2269483]&#10;	Ordinal0 [0x0064A26F+2269807]&#10;	Ordinal0 [0x0065ECB8+2354360]&#10;	BaseThreadInitThunk [0x77036359+25]&#10;	RtlGetAppContainerNamedObjectPath [0x77B78944+228]&#10;	RtlGetAppContainerNamedObjectPath [0x77B78914+180]&#10;"/>
  </testcase>
  <testcase name="teardown" classname="com.BankingV1.testCases.TC_LoginTest" time="0">
    <skipped/>
  </testcase>
  <testcase name="setup" classname="com.BankingV1.testCases.TC_LoginTestDDT" time="0">
    <skipped/>
  </testcase>
  <testcase name="logInDDT[mngr304231, ajavUve](1)" classname="com.BankingV1.testCases.TC_LoginTestDDT" time="0">
    <skipped message="session not created&#10;from timeout: Timed out receiving message from renderer: 600.000&#10;  (Session info: chrome=88.0.4324.146)&#10;Build info: version: &apos;3.141.59&apos;, revision: &apos;e82be7d358&apos;, time: &apos;2018-11-14T08:17:03&apos;&#10;System info: host: &apos;MSI&apos;, ip: &apos;192.168.43.184&apos;, os.name: &apos;Windows 10&apos;, os.arch: &apos;amd64&apos;, os.version: &apos;10.0&apos;, java.version: &apos;11.0.10&apos;&#10;Driver info: driver.version: ChromeDriver&#10;remote stacktrace: Backtrace:&#10;	Ordinal0 [0x0074C0C3+3326147]&#10;	Ordinal0 [0x00630851+2164817]&#10;	Ordinal0 [0x004B7298+619160]&#10;	Ordinal0 [0x004AB17F+569727]&#10;	Ordinal0 [0x004AA421+566305]&#10;	Ordinal0 [0x004AA815+567317]&#10;	Ordinal0 [0x004AA135+565557]&#10;	Ordinal0 [0x004B38B1+604337]&#10;	Ordinal0 [0x004AA0F1+565489]&#10;	Ordinal0 [0x004AAEA2+568994]&#10;	Ordinal0 [0x004AA421+566305]&#10;	Ordinal0 [0x004AA815+567317]&#10;	Ordinal0 [0x004AA135+565557]&#10;	Ordinal0 [0x004B1D2C+597292]&#10;	Ordinal0 [0x004AA0F1+565489]&#10;	Ordinal0 [0x004AAEA2+568994]&#10;	Ordinal0 [0x004AA421+566305]&#10;	Ordinal0 [0x004AA815+567317]&#10;	Ordinal0 [0x004AA135+565557]&#10;	Ordinal0 [0x004AFE62+589410]&#10;	Ordinal0 [0x004AA0F1+565489]&#10;	Ordinal0 [0x004AAEA2+568994]&#10;	Ordinal0 [0x004AA421+566305]&#10;	Ordinal0 [0x004AA815+567317]&#10;	Ordinal0 [0x004AA135+565557]&#10;	Ordinal0 [0x004AF075+585845]&#10;	Ordinal0 [0x004AA0F1+565489]&#10;	Ordinal0 [0x004AAEA2+568994]&#10;	Ordinal0 [0x004AA421+566305]&#10;	Ordinal0 [0x004AA815+567317]&#10;	Ordinal0 [0x004AA135+565557]&#10;	Ordinal0 [0x004A6776+550774]&#10;	Ordinal0 [0x004AA0F1+565489]&#10;	Ordinal0 [0x004A9F13+565011]&#10;	Ordinal0 [0x004A9D07+564487]&#10;	Ordinal0 [0x004B82C0+623296]&#10;	Ordinal0 [0x00456BDD+224221]&#10;	Ordinal0 [0x00455CAC+220332]&#10;	Ordinal0 [0x0045189B+202907]&#10;	Ordinal0 [0x00433DF4+81396]&#10;	Ordinal0 [0x00434DEE+85486]&#10;	Ordinal0 [0x00434D79+85369]&#10;	Ordinal0 [0x006485DC+2262492]&#10;	GetHandleVerifier [0x008D2874+1487204]&#10;	GetHandleVerifier [0x008D23CD+1486013]&#10;	GetHandleVerifier [0x008DA368+1518680]&#10;	GetHandleVerifier [0x008D2F4E+1488958]&#10;	Ordinal0 [0x0063ED0D+2223373]&#10;	Ordinal0 [0x0064A12B+2269483]&#10;	Ordinal0 [0x0064A26F+2269807]&#10;	Ordinal0 [0x0065ECB8+2354360]&#10;	BaseThreadInitThunk [0x77036359+25]&#10;	RtlGetAppContainerNamedObjectPath [0x77B78944+228]&#10;	RtlGetAppContainerNamedObjectPath [0x77B78914+180]&#10;"/>
  </testcase>
  <testcase name="logInDDT[mngr304231, ajavUvew](2)" classname="com.BankingV1.testCases.TC_LoginTestDDT" time="0">
    <skipped message="session not created&#10;from timeout: Timed out receiving message from renderer: 600.000&#10;  (Session info: chrome=88.0.4324.146)&#10;Build info: version: &apos;3.141.59&apos;, revision: &apos;e82be7d358&apos;, time: &apos;2018-11-14T08:17:03&apos;&#10;System info: host: &apos;MSI&apos;, ip: &apos;192.168.43.184&apos;, os.name: &apos;Windows 10&apos;, os.arch: &apos;amd64&apos;, os.version: &apos;10.0&apos;, java.version: &apos;11.0.10&apos;&#10;Driver info: driver.version: ChromeDriver&#10;remote stacktrace: Backtrace:&#10;	Ordinal0 [0x0074C0C3+3326147]&#10;	Ordinal0 [0x00630851+2164817]&#10;	Ordinal0 [0x004B7298+619160]&#10;	Ordinal0 [0x004AB17F+569727]&#10;	Ordinal0 [0x004AA421+566305]&#10;	Ordinal0 [0x004AA815+567317]&#10;	Ordinal0 [0x004AA135+565557]&#10;	Ordinal0 [0x004B38B1+604337]&#10;	Ordinal0 [0x004AA0F1+565489]&#10;	Ordinal0 [0x004AAEA2+568994]&#10;	Ordinal0 [0x004AA421+566305]&#10;	Ordinal0 [0x004AA815+567317]&#10;	Ordinal0 [0x004AA135+565557]&#10;	Ordinal0 [0x004B1D2C+597292]&#10;	Ordinal0 [0x004AA0F1+565489]&#10;	Ordinal0 [0x004AAEA2+568994]&#10;	Ordinal0 [0x004AA421+566305]&#10;	Ordinal0 [0x004AA815+567317]&#10;	Ordinal0 [0x004AA135+565557]&#10;	Ordinal0 [0x004AFE62+589410]&#10;	Ordinal0 [0x004AA0F1+565489]&#10;	Ordinal0 [0x004AAEA2+568994]&#10;	Ordinal0 [0x004AA421+566305]&#10;	Ordinal0 [0x004AA815+567317]&#10;	Ordinal0 [0x004AA135+565557]&#10;	Ordinal0 [0x004AF075+585845]&#10;	Ordinal0 [0x004AA0F1+565489]&#10;	Ordinal0 [0x004AAEA2+568994]&#10;	Ordinal0 [0x004AA421+566305]&#10;	Ordinal0 [0x004AA815+567317]&#10;	Ordinal0 [0x004AA135+565557]&#10;	Ordinal0 [0x004A6776+550774]&#10;	Ordinal0 [0x004AA0F1+565489]&#10;	Ordinal0 [0x004A9F13+565011]&#10;	Ordinal0 [0x004A9D07+564487]&#10;	Ordinal0 [0x004B82C0+623296]&#10;	Ordinal0 [0x00456BDD+224221]&#10;	Ordinal0 [0x00455CAC+220332]&#10;	Ordinal0 [0x0045189B+202907]&#10;	Ordinal0 [0x00433DF4+81396]&#10;	Ordinal0 [0x00434DEE+85486]&#10;	Ordinal0 [0x00434D79+85369]&#10;	Ordinal0 [0x006485DC+2262492]&#10;	GetHandleVerifier [0x008D2874+1487204]&#10;	GetHandleVerifier [0x008D23CD+1486013]&#10;	GetHandleVerifier [0x008DA368+1518680]&#10;	GetHandleVerifier [0x008D2F4E+1488958]&#10;	Ordinal0 [0x0063ED0D+2223373]&#10;	Ordinal0 [0x0064A12B+2269483]&#10;	Ordinal0 [0x0064A26F+2269807]&#10;	Ordinal0 [0x0065ECB8+2354360]&#10;	BaseThreadInitThunk [0x77036359+25]&#10;	RtlGetAppContainerNamedObjectPath [0x77B78944+228]&#10;	RtlGetAppContainerNamedObjectPath [0x77B78914+180]&#10;"/>
  </testcase>
  <testcase name="logInDDT[mngr304232, ajavUve](3)" classname="com.BankingV1.testCases.TC_LoginTestDDT" time="0">
    <skipped message="session not created&#10;from timeout: Timed out receiving message from renderer: 600.000&#10;  (Session info: chrome=88.0.4324.146)&#10;Build info: version: &apos;3.141.59&apos;, revision: &apos;e82be7d358&apos;, time: &apos;2018-11-14T08:17:03&apos;&#10;System info: host: &apos;MSI&apos;, ip: &apos;192.168.43.184&apos;, os.name: &apos;Windows 10&apos;, os.arch: &apos;amd64&apos;, os.version: &apos;10.0&apos;, java.version: &apos;11.0.10&apos;&#10;Driver info: driver.version: ChromeDriver&#10;remote stacktrace: Backtrace:&#10;	Ordinal0 [0x0074C0C3+3326147]&#10;	Ordinal0 [0x00630851+2164817]&#10;	Ordinal0 [0x004B7298+619160]&#10;	Ordinal0 [0x004AB17F+569727]&#10;	Ordinal0 [0x004AA421+566305]&#10;	Ordinal0 [0x004AA815+567317]&#10;	Ordinal0 [0x004AA135+565557]&#10;	Ordinal0 [0x004B38B1+604337]&#10;	Ordinal0 [0x004AA0F1+565489]&#10;	Ordinal0 [0x004AAEA2+568994]&#10;	Ordinal0 [0x004AA421+566305]&#10;	Ordinal0 [0x004AA815+567317]&#10;	Ordinal0 [0x004AA135+565557]&#10;	Ordinal0 [0x004B1D2C+597292]&#10;	Ordinal0 [0x004AA0F1+565489]&#10;	Ordinal0 [0x004AAEA2+568994]&#10;	Ordinal0 [0x004AA421+566305]&#10;	Ordinal0 [0x004AA815+567317]&#10;	Ordinal0 [0x004AA135+565557]&#10;	Ordinal0 [0x004AFE62+589410]&#10;	Ordinal0 [0x004AA0F1+565489]&#10;	Ordinal0 [0x004AAEA2+568994]&#10;	Ordinal0 [0x004AA421+566305]&#10;	Ordinal0 [0x004AA815+567317]&#10;	Ordinal0 [0x004AA135+565557]&#10;	Ordinal0 [0x004AF075+585845]&#10;	Ordinal0 [0x004AA0F1+565489]&#10;	Ordinal0 [0x004AAEA2+568994]&#10;	Ordinal0 [0x004AA421+566305]&#10;	Ordinal0 [0x004AA815+567317]&#10;	Ordinal0 [0x004AA135+565557]&#10;	Ordinal0 [0x004A6776+550774]&#10;	Ordinal0 [0x004AA0F1+565489]&#10;	Ordinal0 [0x004A9F13+565011]&#10;	Ordinal0 [0x004A9D07+564487]&#10;	Ordinal0 [0x004B82C0+623296]&#10;	Ordinal0 [0x00456BDD+224221]&#10;	Ordinal0 [0x00455CAC+220332]&#10;	Ordinal0 [0x0045189B+202907]&#10;	Ordinal0 [0x00433DF4+81396]&#10;	Ordinal0 [0x00434DEE+85486]&#10;	Ordinal0 [0x00434D79+85369]&#10;	Ordinal0 [0x006485DC+2262492]&#10;	GetHandleVerifier [0x008D2874+1487204]&#10;	GetHandleVerifier [0x008D23CD+1486013]&#10;	GetHandleVerifier [0x008DA368+1518680]&#10;	GetHandleVerifier [0x008D2F4E+1488958]&#10;	Ordinal0 [0x0063ED0D+2223373]&#10;	Ordinal0 [0x0064A12B+2269483]&#10;	Ordinal0 [0x0064A26F+2269807]&#10;	Ordinal0 [0x0065ECB8+2354360]&#10;	BaseThreadInitThunk [0x77036359+25]&#10;	RtlGetAppContainerNamedObjectPath [0x77B78944+228]&#10;	RtlGetAppContainerNamedObjectPath [0x77B78914+180]&#10;"/>
  </testcase>
  <testcase name="logInDDT[mngr304233, ajavUvev](4)" classname="com.BankingV1.testCases.TC_LoginTestDDT" time="0">
    <skipped message="session not created&#10;from timeout: Timed out receiving message from renderer: 600.000&#10;  (Session info: chrome=88.0.4324.146)&#10;Build info: version: &apos;3.141.59&apos;, revision: &apos;e82be7d358&apos;, time: &apos;2018-11-14T08:17:03&apos;&#10;System info: host: &apos;MSI&apos;, ip: &apos;192.168.43.184&apos;, os.name: &apos;Windows 10&apos;, os.arch: &apos;amd64&apos;, os.version: &apos;10.0&apos;, java.version: &apos;11.0.10&apos;&#10;Driver info: driver.version: ChromeDriver&#10;remote stacktrace: Backtrace:&#10;	Ordinal0 [0x0074C0C3+3326147]&#10;	Ordinal0 [0x00630851+2164817]&#10;	Ordinal0 [0x004B7298+619160]&#10;	Ordinal0 [0x004AB17F+569727]&#10;	Ordinal0 [0x004AA421+566305]&#10;	Ordinal0 [0x004AA815+567317]&#10;	Ordinal0 [0x004AA135+565557]&#10;	Ordinal0 [0x004B38B1+604337]&#10;	Ordinal0 [0x004AA0F1+565489]&#10;	Ordinal0 [0x004AAEA2+568994]&#10;	Ordinal0 [0x004AA421+566305]&#10;	Ordinal0 [0x004AA815+567317]&#10;	Ordinal0 [0x004AA135+565557]&#10;	Ordinal0 [0x004B1D2C+597292]&#10;	Ordinal0 [0x004AA0F1+565489]&#10;	Ordinal0 [0x004AAEA2+568994]&#10;	Ordinal0 [0x004AA421+566305]&#10;	Ordinal0 [0x004AA815+567317]&#10;	Ordinal0 [0x004AA135+565557]&#10;	Ordinal0 [0x004AFE62+589410]&#10;	Ordinal0 [0x004AA0F1+565489]&#10;	Ordinal0 [0x004AAEA2+568994]&#10;	Ordinal0 [0x004AA421+566305]&#10;	Ordinal0 [0x004AA815+567317]&#10;	Ordinal0 [0x004AA135+565557]&#10;	Ordinal0 [0x004AF075+585845]&#10;	Ordinal0 [0x004AA0F1+565489]&#10;	Ordinal0 [0x004AAEA2+568994]&#10;	Ordinal0 [0x004AA421+566305]&#10;	Ordinal0 [0x004AA815+567317]&#10;	Ordinal0 [0x004AA135+565557]&#10;	Ordinal0 [0x004A6776+550774]&#10;	Ordinal0 [0x004AA0F1+565489]&#10;	Ordinal0 [0x004A9F13+565011]&#10;	Ordinal0 [0x004A9D07+564487]&#10;	Ordinal0 [0x004B82C0+623296]&#10;	Ordinal0 [0x00456BDD+224221]&#10;	Ordinal0 [0x00455CAC+220332]&#10;	Ordinal0 [0x0045189B+202907]&#10;	Ordinal0 [0x00433DF4+81396]&#10;	Ordinal0 [0x00434DEE+85486]&#10;	Ordinal0 [0x00434D79+85369]&#10;	Ordinal0 [0x006485DC+2262492]&#10;	GetHandleVerifier [0x008D2874+1487204]&#10;	GetHandleVerifier [0x008D23CD+1486013]&#10;	GetHandleVerifier [0x008DA368+1518680]&#10;	GetHandleVerifier [0x008D2F4E+1488958]&#10;	Ordinal0 [0x0063ED0D+2223373]&#10;	Ordinal0 [0x0064A12B+2269483]&#10;	Ordinal0 [0x0064A26F+2269807]&#10;	Ordinal0 [0x0065ECB8+2354360]&#10;	BaseThreadInitThunk [0x77036359+25]&#10;	RtlGetAppContainerNamedObjectPath [0x77B78944+228]&#10;	RtlGetAppContainerNamedObjectPath [0x77B78914+180]&#10;"/>
  </testcase>
  <testcase name="teardown" classname="com.BankingV1.testCases.TC_LoginTestDDT" time="0">
    <skipped/>
  </testcase>
  <testcase name="setup" classname="com.BankingV1.testCases.TC_AddCustomerTest" time="0">
    <skipped/>
  </testcase>
  <testcase name="addNewCustomer" classname="com.BankingV1.testCases.TC_AddCustomerTest" time="0">
    <skipped message="session not created&#10;from timeout: Timed out receiving message from renderer: 600.000&#10;  (Session info: chrome=88.0.4324.146)&#10;Build info: version: &apos;3.141.59&apos;, revision: &apos;e82be7d358&apos;, time: &apos;2018-11-14T08:17:03&apos;&#10;System info: host: &apos;MSI&apos;, ip: &apos;192.168.43.184&apos;, os.name: &apos;Windows 10&apos;, os.arch: &apos;amd64&apos;, os.version: &apos;10.0&apos;, java.version: &apos;11.0.10&apos;&#10;Driver info: driver.version: ChromeDriver&#10;remote stacktrace: Backtrace:&#10;	Ordinal0 [0x0074C0C3+3326147]&#10;	Ordinal0 [0x00630851+2164817]&#10;	Ordinal0 [0x004B7298+619160]&#10;	Ordinal0 [0x004AB17F+569727]&#10;	Ordinal0 [0x004AA421+566305]&#10;	Ordinal0 [0x004AA815+567317]&#10;	Ordinal0 [0x004AA135+565557]&#10;	Ordinal0 [0x004B38B1+604337]&#10;	Ordinal0 [0x004AA0F1+565489]&#10;	Ordinal0 [0x004AAEA2+568994]&#10;	Ordinal0 [0x004AA421+566305]&#10;	Ordinal0 [0x004AA815+567317]&#10;	Ordinal0 [0x004AA135+565557]&#10;	Ordinal0 [0x004B1D2C+597292]&#10;	Ordinal0 [0x004AA0F1+565489]&#10;	Ordinal0 [0x004AAEA2+568994]&#10;	Ordinal0 [0x004AA421+566305]&#10;	Ordinal0 [0x004AA815+567317]&#10;	Ordinal0 [0x004AA135+565557]&#10;	Ordinal0 [0x004AFE62+589410]&#10;	Ordinal0 [0x004AA0F1+565489]&#10;	Ordinal0 [0x004AAEA2+568994]&#10;	Ordinal0 [0x004AA421+566305]&#10;	Ordinal0 [0x004AA815+567317]&#10;	Ordinal0 [0x004AA135+565557]&#10;	Ordinal0 [0x004AF075+585845]&#10;	Ordinal0 [0x004AA0F1+565489]&#10;	Ordinal0 [0x004AAEA2+568994]&#10;	Ordinal0 [0x004AA421+566305]&#10;	Ordinal0 [0x004AA815+567317]&#10;	Ordinal0 [0x004AA135+565557]&#10;	Ordinal0 [0x004A6776+550774]&#10;	Ordinal0 [0x004AA0F1+565489]&#10;	Ordinal0 [0x004A9F13+565011]&#10;	Ordinal0 [0x004A9D07+564487]&#10;	Ordinal0 [0x004B82C0+623296]&#10;	Ordinal0 [0x00456BDD+224221]&#10;	Ordinal0 [0x00455CAC+220332]&#10;	Ordinal0 [0x0045189B+202907]&#10;	Ordinal0 [0x00433DF4+81396]&#10;	Ordinal0 [0x00434DEE+85486]&#10;	Ordinal0 [0x00434D79+85369]&#10;	Ordinal0 [0x006485DC+2262492]&#10;	GetHandleVerifier [0x008D2874+1487204]&#10;	GetHandleVerifier [0x008D23CD+1486013]&#10;	GetHandleVerifier [0x008DA368+1518680]&#10;	GetHandleVerifier [0x008D2F4E+1488958]&#10;	Ordinal0 [0x0063ED0D+2223373]&#10;	Ordinal0 [0x0064A12B+2269483]&#10;	Ordinal0 [0x0064A26F+2269807]&#10;	Ordinal0 [0x0065ECB8+2354360]&#10;	BaseThreadInitThunk [0x77036359+25]&#10;	RtlGetAppContainerNamedObjectPath [0x77B78944+228]&#10;	RtlGetAppContainerNamedObjectPath [0x77B78914+180]&#10;"/>
  </testcase>
  <testcase name="teardown" classname="com.BankingV1.testCases.TC_AddCustomerTest" time="0">
    <skipped/>
  </testcase>
</testsuite>